Cppcheck started: Sat Jun 10 2017 17:28:07 GMT+0700 (東南アジア標準時)
Checking d:\Dropbox\programming\C++\project\ASS2\build\CMakeFiles\3.8.1\CompilerIdCXX\CMakeCXXCompilerId.cpp ...
Checking d:\Dropbox\programming\C++\project\ASS2\build\CMakeFiles\3.8.1\CompilerIdCXX\CMakeCXXCompilerId.cpp: MPRAS;_MPRAS...
Checking d:\Dropbox\programming\C++\project\ASS2\build\CMakeFiles\3.8.1\CompilerIdCXX\CMakeCXXCompilerId.cpp: SCO_SV;_SCO_SV;sco_sv...
Checking d:\Dropbox\programming\C++\project\ASS2\build\CMakeFiles\3.8.1\CompilerIdCXX\CMakeCXXCompilerId.cpp: SIMULATE_VERSION_PATCH...
Checking d:\Dropbox\programming\C++\project\ASS2\build\CMakeFiles\3.8.1\CompilerIdCXX\CMakeCXXCompilerId.cpp: SIMULATE_VERSION_PATCH;SIMULATE_VERSION_TWEAK...
Checking d:\Dropbox\programming\C++\project\ASS2\build\CMakeFiles\3.8.1\CompilerIdCXX\CMakeCXXCompilerId.cpp: WIN32;_WIN32;__WIN32__...
Checking d:\Dropbox\programming\C++\project\ASS2\build\CMakeFiles\3.8.1\CompilerIdCXX\CMakeCXXCompilerId.cpp: XENIX;_XENIX;__XENIX__...
Checking d:\Dropbox\programming\C++\project\ASS2\build\CMakeFiles\3.8.1\CompilerIdCXX\CMakeCXXCompilerId.cpp: _AIX;__AIX;__AIX__;__aix;__aix__...
Checking d:\Dropbox\programming\C++\project\ASS2\build\CMakeFiles\3.8.1\CompilerIdCXX\CMakeCXXCompilerId.cpp: _BEOS;__BEOS__;__BeOS...
Checking d:\Dropbox\programming\C++\project\ASS2\build\CMakeFiles\3.8.1\CompilerIdCXX\CMakeCXXCompilerId.cpp: _COMPILER_VERSION;_SGI_COMPILER_VERSION...
Checking d:\Dropbox\programming\C++\project\ASS2\build\CMakeFiles\3.8.1\CompilerIdCXX\CMakeCXXCompilerId.cpp: _COMPILER_VERSION;_SGI_COMPILER_VERSION;_SGI_COMPILER_VERSION...
Checking d:\Dropbox\programming\C++\project\ASS2\build\CMakeFiles\3.8.1\CompilerIdCXX\CMakeCXXCompilerId.cpp: _CRAYC...
1/47 files checked 14% done
Checking d:\Dropbox\programming\C++\project\ASS2\build\CMakeFiles\feature_tests.cxx ...
Checking d:\Dropbox\programming\C++\project\ASS2\build\CMakeFiles\feature_tests.cxx: __GXX_EXPERIMENTAL_CXX0X__...
2/47 files checked 22% done
Checking d:\Dropbox\programming\C++\project\ASS2\json_bookdata\find.cpp ...
Checking d:\Dropbox\programming\C++\project\ASS2\json_bookdata\find.cpp: JSON_NOEXCEPTION;_CPPUNWIND;__EXCEPTIONS;__cpp_exceptions...
Checking d:\Dropbox\programming\C++\project\ASS2\json_bookdata\find.cpp: _HAS_CXX17;_MSC_VER...
Checking d:\Dropbox\programming\C++\project\ASS2\json_bookdata\find.cpp: _MSC_VER...
Checking d:\Dropbox\programming\C++\project\ASS2\json_bookdata\find.cpp: _WIN32...
Checking d:\Dropbox\programming\C++\project\ASS2\json_bookdata\find.cpp: __APPLE__...
Checking d:\Dropbox\programming\C++\project\ASS2\json_bookdata\find.cpp: __GNUC__...
Checking d:\Dropbox\programming\C++\project\ASS2\json_bookdata\find.cpp: __GNUC__;__GNUG__...
Checking d:\Dropbox\programming\C++\project\ASS2\json_bookdata\find.cpp: __GNUC__;__GNUG__;__clang__...
Checking d:\Dropbox\programming\C++\project\ASS2\json_bookdata\find.cpp: __HP_aCC;__HP_cc...
Checking d:\Dropbox\programming\C++\project\ASS2\json_bookdata\find.cpp: __IBMCPP__...
Checking d:\Dropbox\programming\C++\project\ASS2\json_bookdata\find.cpp: __ICC;__INTEL_COMPILER...
3/47 files checked 23% done
Checking d:\Dropbox\programming\C++\project\ASS2\json_bookdata\findbook.cpp ...
Checking d:\Dropbox\programming\C++\project\ASS2\json_bookdata\findbook.cpp: JSON_NOEXCEPTION;_CPPUNWIND;__EXCEPTIONS;__cpp_exceptions...
Checking d:\Dropbox\programming\C++\project\ASS2\json_bookdata\findbook.cpp: _HAS_CXX17;_MSC_VER...
Checking d:\Dropbox\programming\C++\project\ASS2\json_bookdata\findbook.cpp: _MSC_VER...
Checking d:\Dropbox\programming\C++\project\ASS2\json_bookdata\findbook.cpp: _WIN32...
Checking d:\Dropbox\programming\C++\project\ASS2\json_bookdata\findbook.cpp: __APPLE__...
Checking d:\Dropbox\programming\C++\project\ASS2\json_bookdata\findbook.cpp: __GNUC__...
Checking d:\Dropbox\programming\C++\project\ASS2\json_bookdata\findbook.cpp: __GNUC__;__GNUG__...
Checking d:\Dropbox\programming\C++\project\ASS2\json_bookdata\findbook.cpp: __GNUC__;__GNUG__;__clang__...
Checking d:\Dropbox\programming\C++\project\ASS2\json_bookdata\findbook.cpp: __HP_aCC;__HP_cc...
Checking d:\Dropbox\programming\C++\project\ASS2\json_bookdata\findbook.cpp: __IBMCPP__...
Checking d:\Dropbox\programming\C++\project\ASS2\json_bookdata\findbook.cpp: __ICC;__INTEL_COMPILER...
4/47 files checked 26% done
Checking d:\Dropbox\programming\C++\project\ASS2\obsolete\Login\Login.cpp ...
5/47 files checked 33% done
Checking d:\Dropbox\programming\C++\project\ASS2\obsolete\ReadBook\Book.cpp ...
6/47 files checked 34% done
Checking d:\Dropbox\programming\C++\project\ASS2\obsolete\ReadBook\Genre.cpp ...
7/47 files checked 35% done
Checking d:\Dropbox\programming\C++\project\ASS2\obsolete\ReadBook\ReadBook.cpp ...
8/47 files checked 35% done
Checking d:\Dropbox\programming\C++\project\ASS2\obsolete\ReadBook\ShowBook.cpp ...
9/47 files checked 36% done
Checking d:\Dropbox\programming\C++\project\ASS2\obsolete\ReadData\AccountRole.cpp ...
10/47 files checked 37% done
Checking d:\Dropbox\programming\C++\project\ASS2\obsolete\ReadData\Author.cpp ...
11/47 files checked 38% done
Checking d:\Dropbox\programming\C++\project\ASS2\obsolete\ReadData\ReadData.cpp ...
12/47 files checked 38% done
Checking d:\Dropbox\programming\C++\project\ASS2\obsolete\ReadData\ReadLock.cpp ...
13/47 files checked 39% done
Checking d:\Dropbox\programming\C++\project\ASS2\obsolete\ReadData\ReadUser.cpp ...
14/47 files checked 39% done
Checking d:\Dropbox\programming\C++\project\ASS2\obsolete\ReadData\ShowData.cpp ...
15/47 files checked 40% done
Checking d:\Dropbox\programming\C++\project\ASS2\obsolete\Setting\UpdatePassword.cpp ...
16/47 files checked 42% done
Checking d:\Dropbox\programming\C++\project\ASS2\src\AccountChoose\AccountChoose.cpp ...
17/47 files checked 45% done
Checking d:\Dropbox\programming\C++\project\ASS2\src\Browse\Browse.cpp ...
18/47 files checked 46% done
Checking d:\Dropbox\programming\C++\project\ASS2\src\Browse\ChooseBook.cpp ...
19/47 files checked 52% done
Checking d:\Dropbox\programming\C++\project\ASS2\src\Browse\FindBook.cpp ...
20/47 files checked 52% done
Checking d:\Dropbox\programming\C++\project\ASS2\src\Browse\ShowAllBook.cpp ...
21/47 files checked 54% done
Checking d:\Dropbox\programming\C++\project\ASS2\src\CommonLib.cpp ...
22/47 files checked 55% done
Checking d:\Dropbox\programming\C++\project\ASS2\src\Find\Find.cpp ...
23/47 files checked 56% done
Checking d:\Dropbox\programming\C++\project\ASS2\src\Find\SearchBook.cpp ...
24/47 files checked 59% done
Checking d:\Dropbox\programming\C++\project\ASS2\src\History\History.cpp ...
25/47 files checked 60% done
Checking d:\Dropbox\programming\C++\project\ASS2\src\Login\Login.cpp ...
26/47 files checked 62% done
Checking d:\Dropbox\programming\C++\project\ASS2\src\ReadBookJSON\ReadBookJSON.cpp ...
27/47 files checked 62% done
Checking d:\Dropbox\programming\C++\project\ASS2\src\ReadBookJSON\ShowBookJSON.cpp ...
28/47 files checked 63% done
Checking d:\Dropbox\programming\C++\project\ASS2\src\ReadDataJSON\ReadDataJSON.cpp ...
29/47 files checked 64% done
Checking d:\Dropbox\programming\C++\project\ASS2\src\Setting\ChangePassword.cpp ...
30/47 files checked 66% done
Checking d:\Dropbox\programming\C++\project\ASS2\src\Setting\Setting.cpp ...
31/47 files checked 66% done
Checking d:\Dropbox\programming\C++\project\ASS2\src\SignUp\SignUp.cpp ...
32/47 files checked 69% done
Checking d:\Dropbox\programming\C++\project\ASS2\src\SignUp\add_success.cpp ...
33/47 files checked 71% done
Checking d:\Dropbox\programming\C++\project\ASS2\src\SignUp\delete_success.cpp ...
34/47 files checked 73% done
Checking d:\Dropbox\programming\C++\project\ASS2\src\Utilities\Accountant\Accountant.cpp ...
35/47 files checked 74% done
Checking d:\Dropbox\programming\C++\project\ASS2\src\Utilities\Admin\Admin.cpp ...
36/47 files checked 74% done
Checking d:\Dropbox\programming\C++\project\ASS2\src\Utilities\Money\Money.cpp ...
37/47 files checked 74% done
Checking d:\Dropbox\programming\C++\project\ASS2\src\Utilities\Reader\Reader.cpp ...
38/47 files checked 75% done
Checking d:\Dropbox\programming\C++\project\ASS2\src\Utilities\Utilities.cpp ...
39/47 files checked 76% done
Checking d:\Dropbox\programming\C++\project\ASS2\src\Welcome\Welcome.cpp ...
40/47 files checked 78% done
Checking d:\Dropbox\programming\C++\project\ASS2\src\globalvar.cpp ...
41/47 files checked 80% done
Checking d:\Dropbox\programming\C++\project\ASS2\src\main.cpp ...
42/47 files checked 86% done
Checking d:\Dropbox\programming\C++\project\ASS2\test\src\BorrowBook.cpp ...
43/47 files checked 88% done
Checking d:\Dropbox\programming\C++\project\ASS2\test\src\BrowseBorrowBook.cpp ...
44/47 files checked 92% done
Checking d:\Dropbox\programming\C++\project\ASS2\test\src\FindAdvance.cpp ...
45/47 files checked 97% done
Checking d:\Dropbox\programming\C++\project\ASS2\test\src\ReturnBook.cpp ...
46/47 files checked 97% done
Checking d:\Dropbox\programming\C++\project\ASS2\tobeupdated\GetBookAuthentication.cpp ...
47/47 files checked 100% done

[d:\Dropbox\programming\C++\project\ASS2\build\CMakeFiles\3.8.1\CompilerIdCXX\CMakeCXXCompilerId.cpp]: (information) Too many #ifdef configurations - cppcheck only checks 12 of 84 configurations. Use --force to check all configurations.
[d:\Dropbox\programming\C++\project\ASS2\json_bookdata\find.cpp]: (information) Too many #ifdef configurations - cppcheck only checks 12 of 17 configurations. Use --force to check all configurations.
[d:\Dropbox\programming\C++\project\ASS2\json_bookdata\json.hpp:12931]: (style) Variable 'error_msg' is assigned a value that is never used.
[d:\Dropbox\programming\C++\project\ASS2\json_bookdata\find.cpp:15]: (style) Variable 'FindBookResult' is assigned a value that is never used.
[d:\Dropbox\programming\C++\project\ASS2\json_bookdata\json.hpp:2194]: (style) Class 'basic_json' has a constructor with 1 argument that is not explicit.
[d:\Dropbox\programming\C++\project\ASS2\json_bookdata\json.hpp:2218]: (style) Class 'basic_json' has a constructor with 1 argument that is not explicit.
[d:\Dropbox\programming\C++\project\ASS2\json_bookdata\json.hpp:6646]: (style) Class 'output_vector_adapter' has a constructor with 1 argument that is not explicit.
[d:\Dropbox\programming\C++\project\ASS2\json_bookdata\json.hpp:6669]: (style) Class 'output_stream_adapter' has a constructor with 1 argument that is not explicit.
[d:\Dropbox\programming\C++\project\ASS2\json_bookdata\json.hpp:6692]: (style) Class 'output_string_adapter' has a constructor with 1 argument that is not explicit.
[d:\Dropbox\programming\C++\project\ASS2\json_bookdata\json.hpp:8618]: (style) Class 'json_reverse_iterator' has a constructor with 1 argument that is not explicit.
[d:\Dropbox\programming\C++\project\ASS2\json_bookdata\json.hpp:8623]: (style) Class 'json_reverse_iterator' has a constructor with 1 argument that is not explicit.
[d:\Dropbox\programming\C++\project\ASS2\json_bookdata\json.hpp:2793]: (performance) Function parameter 'other' should be passed by reference.
[d:\Dropbox\programming\C++\project\ASS2\json_bookdata\json.hpp:13517]: (performance) Function parameter 's' should be passed by reference.
[d:\Dropbox\programming\C++\project\ASS2\json_bookdata\json.hpp:8070]: (error) Invalid iterator 'ret' used.
[d:\Dropbox\programming\C++\project\ASS2\json_bookdata\json.hpp:8071]: (error) Invalid iterator 'ret' used.
[d:\Dropbox\programming\C++\project\ASS2\json_bookdata\json.hpp:1449]: (information) Skipping configuration '_HAS_CXX17;_MSC_VER' since the value of '_MSC_VER' is unknown. Use -D if you want to check it. You can use -U to skip it explicitly.
[d:\Dropbox\programming\C++\project\ASS2\json_bookdata\json.hpp:1449]: (information) Skipping configuration '_MSC_VER' since the value of '_MSC_VER' is unknown. Use -D if you want to check it. You can use -U to skip it explicitly.
[d:\Dropbox\programming\C++\project\ASS2\json_bookdata\json.hpp:1447]: (information) Skipping configuration '__IBMCPP__' since the value of '__IBMCPP__' is unknown. Use -D if you want to check it. You can use -U to skip it explicitly.
[d:\Dropbox\programming\C++\project\ASS2\json_bookdata\json.hpp:1441]: (information) Skipping configuration '__ICC;__INTEL_COMPILER' since the value of '__INTEL_COMPILER' is unknown. Use -D if you want to check it. You can use -U to skip it explicitly.
[d:\Dropbox\programming\C++\project\ASS2\json_bookdata\findbook.cpp]: (information) Too many #ifdef configurations - cppcheck only checks 12 of 17 configurations. Use --force to check all configurations.
[d:\Dropbox\programming\C++\project\ASS2\src\Find\SearchBook.cpp:145]: (style) Variable 'searchSize' is modified but its new value is never used.
[d:\Dropbox\programming\C++\project\ASS2\test\src\BorrowBook.cpp:60]: (style) Condition '!true' is always false
[d:\Dropbox\programming\C++\project\ASS2\test\src\BorrowBook.cpp:21]: (style) The function 'BorrowFromCart' is never used.
[d:\Dropbox\programming\C++\project\ASS2\obsolete\ReadData\ReadLock.cpp:14]: (style) The function 'CheckLock' is never used.
[d:\Dropbox\programming\C++\project\ASS2\test\src\FindAdvance.cpp:151]: (style) The function 'CompareWords' is never used.
[d:\Dropbox\programming\C++\project\ASS2\tobeupdated\GetBookAuthentication.cpp:43]: (style) The function 'GetBookAuthentication' is never used.
[d:\Dropbox\programming\C++\project\ASS2\src\CommonLib.cpp:5]: (style) The function 'Help' is never used.
[d:\Dropbox\programming\C++\project\ASS2\obsolete\ReadBook\ReadBook.cpp:5]: (style) The function 'ReadBook' is never used.
[d:\Dropbox\programming\C++\project\ASS2\test\src\FindAdvance.cpp:4]: (style) The function 'ReadBookFromText' is never used.
[d:\Dropbox\programming\C++\project\ASS2\obsolete\ReadData\ReadData.cpp:5]: (style) The function 'ReadData' is never used.
[d:\Dropbox\programming\C++\project\ASS2\obsolete\ReadData\ReadLock.cpp:5]: (style) The function 'ReadLock' is never used.
[d:\Dropbox\programming\C++\project\ASS2\test\src\FindAdvance.cpp:126]: (style) The function 'ReadWordsToFind' is never used.
[d:\Dropbox\programming\C++\project\ASS2\obsolete\Setting\UpdatePassword.cpp:70]: (style) The function 'UpdatePassword' is never used.
[d:\Dropbox\programming\C++\project\ASS2\src\SignUp\delete_success.cpp:6]: (style) The function 'delete_success' is never used.
(information) Cppcheck cannot find all the include files (use --check-config for details)

Cppcheck ended: Sat Jun 10 2017 17:28:31 GMT+0700 (東南アジア標準時)
