\BOOKMARK [0][-]{chapter.1}{\376\377\000T\036\325\000n\000g\000\040\000q\000u\000a\000n\000\040\000v\036\301\000\040\000L\000I\000B\000P\000R\000O}{}% 1
\BOOKMARK [0][-]{chapter.2}{\376\377\000P\000h\036\247\000n\000\040\000m\036\301\000m\000\040\000Q\000u\036\243\000n\000\040\000l\000\375\000\040\000T\000h\001\260\000\040\000v\000i\036\307\000n\000\040\000L\000I\000B\000P\000R\000O}{}% 2
\BOOKMARK [1][-]{section.2.1}{\376\377\000H\001\260\036\333\000n\000g\000\040\000d\036\253\000n\000\040\000c\000\340\000i\000\040\001\021\036\267\000t\000\040\000p\000h\036\247\000n\000\040\000m\036\301\000m}{chapter.2}% 3
\BOOKMARK [1][-]{section.2.2}{\376\377\000H\001\260\036\333\000n\000g\000\040\000d\036\253\000n\000\040\000s\036\355\000\040\000d\036\345\000n\000g\000\040\000p\000h\036\247\000n\000\040\000m\036\301\000m}{chapter.2}% 4
\BOOKMARK [0][-]{chapter.3}{\376\377\000T\000i\036\277\000n\000\040\000t\000r\000\354\000n\000h\000\040\000t\000h\036\361\000c\000\040\000h\000i\036\307\000n\000\040\000p\000h\036\247\000n\000\040\000m\036\301\000m}{}% 5
\BOOKMARK [1][-]{section.3.1}{\376\377\000P\000h\000\342\000n\000\040\000t\000\355\000c\000h\000\040\000h\000o\036\241\000t\000\040\001\021\036\331\000n\000g\000\040\000c\036\347\000a\000\040\000t\000h\001\260\000\040\000v\000i\036\307\000n}{chapter.3}% 6
\BOOKMARK [2][-]{subsection.3.1.1}{\376\377\000V\000a\000i\000\040\000t\000r\000\362\000\040\000n\000g\001\260\036\335\000i\000\040\000s\036\355\000\040\000d\036\345\000n\000g}{section.3.1}% 7
\BOOKMARK [2][-]{subsection.3.1.2}{\376\377\000M\036\351\000c\000\040\000t\000h\000a\000o\000\040\000t\000\341\000c}{section.3.1}% 8
\BOOKMARK [2][-]{subsection.3.1.3}{\376\377\000C\036\245\000p\000\040\001\021\036\331\000\040\000q\000u\036\243\000n\000\040\000l\000\375\000\040\000v\000\340\000\040\000t\000h\036\361\000c\000\040\000t\000h\000i}{section.3.1}% 9
\BOOKMARK [2][-]{subsection.3.1.4}{\376\377\000T\000h\036\347\000\040\000t\036\345\000c\000\040\001\021\001\003\000n\000g\000\040\000k\000\375\000\040\000v\000\340\000\040\001\021\001\003\000n\000g\000\040\000n\000h\036\255\000p}{section.3.1}% 10
\BOOKMARK [2][-]{subsection.3.1.5}{\376\377\000Q\000u\036\243\000n\000\040\000l\000\375\000\040\000s\000\341\000c\000h}{section.3.1}% 11
\BOOKMARK [2][-]{subsection.3.1.6}{\376\377\000Q\000u\036\243\000n\000\040\000l\000\375\000\040\000n\000g\001\260\036\335\000i\000\040\000d\000\371\000n\000g}{section.3.1}% 12
\BOOKMARK [1][-]{section.3.2}{\376\377\000V\036\275\000\040\000s\001\241\000\040\001\021\036\323\000\040\000t\000h\000i\036\277\000t\000\040\000k\036\277\000\040\000d\036\357\000\040\000l\000i\036\307\000u}{chapter.3}% 13
\BOOKMARK [1][-]{section.3.3}{\376\377\000Q\000u\000\341\000\040\000t\000r\000\354\000n\000h\000\040\000l\000\340\000m\000\040\000v\000i\036\307\000c}{chapter.3}% 14
\BOOKMARK [2][-]{subsection.3.3.1}{\376\377\000T\036\241\000o\000\040\000t\000h\001\260\000\040\000m\036\345\000c\000\040\000l\000\340\000m\000\040\000v\000i\036\307\000c\000\040\000t\000r\000\352\000n\000\040\000V\000i\000s\000u\000a\000l\000S\000t\000u\000d\000i\000o\000.\000c\000o\000m}{section.3.3}% 15
\BOOKMARK [2][-]{subsection.3.3.2}{\376\377\000S\036\355\000\040\000d\036\345\000n\000g\000\040\000G\000i\000t\000\040\001\021\036\303\000\040\000q\000u\036\243\000n\000\040\000l\000\375\000\040\000v\000\340\000\040\000c\036\255\000p\000\040\000n\000h\036\255\000t\000\040\000t\000\340\000i\000\040\000l\000i\036\307\000u}{section.3.3}% 16
\BOOKMARK [2][-]{subsection.3.3.3}{\376\377\000H\000i\036\307\000n\000\040\000t\000h\036\361\000c\000\040\000p\000h\036\247\000n\000\040\000m\036\301\000m\000\040\000t\000r\000\352\000n\000\040\000C\000o\000m\000m\000a\000n\000d\000P\000r\000o\000m\000p\000t}{section.3.3}% 17
\BOOKMARK [2][-]{subsection.3.3.4}{\376\377\000T\000h\000i\036\277\000t\000\040\000k\036\277\000\040\000g\000i\000a\000o\000\040\000d\000i\036\307\000n\000\040\000t\000r\000\352\000n\000\040\000Q\000t\000\040\000G\000U\000I}{section.3.3}% 18
\BOOKMARK [2][-]{subsection.3.3.5}{\376\377\000G\000h\000\351\000p\000\040\000g\000i\036\357\000a\000\040\000d\036\357\000\040\000l\000i\036\307\000u\000\040\000n\036\301\000n\000\040\000v\000\340\000\040\000g\000i\000a\000o\000\040\000d\000i\036\307\000n}{section.3.3}% 19
\BOOKMARK [2][-]{subsection.3.3.6}{\376\377\001\020\000\363\000n\000g\000\040\000g\000\363\000i\000\040\000p\000h\036\247\000n\000\040\000m\036\301\000m}{section.3.3}% 20
\BOOKMARK [1][-]{section.3.4}{\376\377\000T\000h\036\361\000c\000\040\000h\000i\036\307\000n\000\040\000t\000\340\000i\000\040\000l\000i\036\307\000u\000\040\000c\036\347\000a\000\040\000p\000h\036\247\000n\000\040\000m\036\301\000m}{chapter.3}% 21
\BOOKMARK [1][-]{section.3.5}{\376\377\000T\000h\036\361\000c\000\040\000h\000i\036\307\000n\000\040\000b\000\341\000o\000\040\000c\000\341\000o\000\040\000v\036\301\000\040\000p\000h\036\247\000n\000\040\000m\036\301\000m}{chapter.3}% 22
\BOOKMARK [0][-]{chapter.4}{\376\377\000C\000\341\000c\000\040\000v\036\245\000n\000\040\001\021\036\301\000\040\000n\036\243\000y\000\040\000s\000i\000n\000h\000\040\000t\000r\000o\000n\000g\000\040\000t\000i\036\277\000n\000\040\000t\000r\000\354\000n\000h\000\040\000p\000h\000\341\000t\000\040\000t\000r\000i\036\303\000n\000\040\000p\000h\036\247\000n\000\040\000m\036\301\000m}{}% 23
\BOOKMARK [1][-]{section.4.1}{\376\377\000L\001\260\000u\000\040\000d\036\357\000\040\000l\000i\036\307\000u\000\040\000n\000g\001\260\036\335\000i\000\040\000d\000\371\000n\000g\000\040\000b\036\261\000n\000g\000\040\000f\000i\000l\000e\000\040\000*\000.\000t\000x\000t\000\040\000l\000\340\000\040\000m\036\331\000t\000\040\000t\000r\036\337\000\040\000n\000g\036\241\000i}{chapter.4}% 24
\BOOKMARK [1][-]{section.4.2}{\376\377\000V\000i\036\307\000c\000\040\001\021\036\323\000n\000g\000\040\000b\036\331\000\040\000h\000\363\000a\000\040\000g\000i\036\357\000a\000\040\000d\036\357\000\040\000l\000i\036\307\000u\000\040\000v\000\340\000\040\000g\000i\000a\000o\000\040\000d\000i\036\307\000n}{chapter.4}% 25
\BOOKMARK [1][-]{section.4.3}{\376\377\000T\000h\000i\036\277\000t\000\040\000k\036\277\000\040\000p\000h\036\247\000n\000\040\000m\036\301\000m\000\040\000h\001\260\036\333\000n\000g\000\040\001\021\036\277\000n\000\040\000n\000g\001\260\036\335\000i\000\040\000d\000\371\000n\000g}{chapter.4}% 26
